<?xml version='1.0' encoding='UTF-8'?>
<testsuite hostname="None" name="ApplicationSpec" tests="2" errors="0" failures="2" time="-0.002">
                <properties>
[...]
</properties>
                <testcase classname="ApplicationSpec" name="(It is not a test)" time="-0.001"> <failure message="'Some(scala.concurrent.impl.Promise$DefaultPromise@5578fb9a)' is not None" type="sbt.ForkMain$ForkError">sbt.ForkMain$ForkError: 'Some(scala.concurrent.impl.Promise$DefaultPromise@5578fb9a)' is not None
	at ApplicationSpec$$anonfun$2$$anonfun$apply$2$$anon$1.delayedEndpoint$ApplicationSpec$$anonfun$2$$anonfun$apply$2$$anon$1$1(ApplicationSpec.scala:19)
	at ApplicationSpec$$anonfun$2$$anonfun$apply$2$$anon$1$delayedInit$body.apply(ApplicationSpec.scala:18)
	at play.api.test.WithApplication$$anonfun$around$1.apply(Specs.scala:23)
	at play.api.test.WithApplication$$anonfun$around$1.apply(Specs.scala:23)
	at play.api.test.PlayRunners$class.running(Helpers.scala:49)
	at play.api.test.Helpers$.running(Helpers.scala:403)
	at play.api.test.WithApplication.around(Specs.scala:23)
	at play.api.test.WithApplication.delayedInit(Specs.scala:20)
	at ApplicationSpec$$anonfun$2$$anonfun$apply$2$$anon$1.&lt;init&gt;(ApplicationSpec.scala:18)
	at ApplicationSpec$$anonfun$2$$anonfun$apply$2.apply(ApplicationSpec.scala:18)
	at ApplicationSpec$$anonfun$2$$anonfun$apply$2.apply(ApplicationSpec.scala:18)
</failure>
                    </testcase><testcase classname="ApplicationSpec" name="(It is not a test)" time="-0.001"> <failure message="'&lt;!DOCTYPE html&gt;
&lt;html&gt;
&lt;head&gt;
    &lt;meta charset=&quot;UTF-8&quot;&gt;
    &lt;title&gt;Events management&lt;/title&gt;
&lt;/head&gt;

&lt;body&gt;
 &lt;div class=&quot;container&quot;&gt;
  &lt;h1&gt;What do you want to do?&lt;/h1&gt;
  &lt;p&gt;You can either &lt;a href=&quot;/views/addEvent.scala.html&quot;&gt;add&lt;/a&gt; an event or &lt;a href=&quot;/showEvents&quot;&gt;list&lt;/a&gt; events&lt;p&gt;
 &lt;/div&gt;
&lt;/body&gt;
&lt;/html&gt;' doesn't contain 'Your new application is ready.'" type="sbt.ForkMain$ForkError">sbt.ForkMain$ForkError: '&lt;!DOCTYPE html&gt;
&lt;html&gt;
&lt;head&gt;
    &lt;meta charset=&quot;UTF-8&quot;&gt;
    &lt;title&gt;Events management&lt;/title&gt;
&lt;/head&gt;

&lt;body&gt;
 &lt;div class=&quot;container&quot;&gt;
  &lt;h1&gt;What do you want to do?&lt;/h1&gt;
  &lt;p&gt;You can either &lt;a href=&quot;/views/addEvent.scala.html&quot;&gt;add&lt;/a&gt; an event or &lt;a href=&quot;/showEvents&quot;&gt;list&lt;/a&gt; events&lt;p&gt;
 &lt;/div&gt;
&lt;/body&gt;
&lt;/html&gt;' doesn't contain 'Your new application is ready.'
	at ApplicationSpec$$anonfun$2$$anonfun$apply$3$$anon$2.delayedEndpoint$ApplicationSpec$$anonfun$2$$anonfun$apply$3$$anon$2$1(ApplicationSpec.scala:27)
	at ApplicationSpec$$anonfun$2$$anonfun$apply$3$$anon$2$delayedInit$body.apply(ApplicationSpec.scala:22)
	at play.api.test.WithApplication$$anonfun$around$1.apply(Specs.scala:23)
	at play.api.test.WithApplication$$anonfun$around$1.apply(Specs.scala:23)
	at play.api.test.PlayRunners$class.running(Helpers.scala:49)
	at play.api.test.Helpers$.running(Helpers.scala:403)
	at play.api.test.WithApplication.around(Specs.scala:23)
	at play.api.test.WithApplication.delayedInit(Specs.scala:20)
	at ApplicationSpec$$anonfun$2$$anonfun$apply$3$$anon$2.&lt;init&gt;(ApplicationSpec.scala:22)
	at ApplicationSpec$$anonfun$2$$anonfun$apply$3.apply(ApplicationSpec.scala:22)
	at ApplicationSpec$$anonfun$2$$anonfun$apply$3.apply(ApplicationSpec.scala:22)
</failure>
                    </testcase>
                <system-out></system-out>
                <system-err></system-err>
                </testsuite>