<?xml version='1.0' encoding='UTF-8'?>
<testsuite hostname="None" name="ApplicationSpec" tests="2" errors="0" failures="2" time="-0.002">
                <properties> <property name="jline.esc.timeout" value="0"/><property name="java.runtime.name" value="OpenJDK Runtime Environment"/><property name="sun.boot.library.path" value="/usr/lib/jvm/java-8-openjdk-amd64/jre/lib/amd64"/><property name="java.vm.version" value="25.91-b14"/><property name="java.vm.vendor" value="Oracle Corporation"/><property name="java.vendor.url" value="http://java.oracle.com/"/><property name="path.separator" value=":"/><property name="java.vm.name" value="OpenJDK 64-Bit Server VM"/><property name="file.encoding.pkg" value="sun.io"/><property name="user.country" value="FR"/><property name="sun.java.launcher" value="SUN_STANDARD"/><property name="sun.os.patch.level" value="unknown"/><property name="java.vm.specification.name" value="Java Virtual Machine Specification"/><property name="user.dir" value="/home/antonin/IdeaProjects/CCA_Play"/><property name="java.runtime.version" value="1.8.0_91-8u91-b14-0ubuntu4~14.04-b14"/><property name="java.awt.graphicsenv" value="sun.awt.X11GraphicsEnvironment"/><property name="java.endorsed.dirs" value="/usr/lib/jvm/java-8-openjdk-amd64/jre/lib/endorsed"/><property name="os.arch" value="amd64"/><property name="java.io.tmpdir" value="/tmp"/><property name="line.separator" value="
"/><property name="java.vm.specification.vendor" value="Oracle Corporation"/><property name="os.name" value="Linux"/><property name="sun.jnu.encoding" value="UTF-8"/><property name="java.library.path" value="/usr/java/packages/lib/amd64:/usr/lib/x86_64-linux-gnu/jni:/lib/x86_64-linux-gnu:/usr/lib/x86_64-linux-gnu:/usr/lib/jni:/lib:/usr/lib"/><property name="java.specification.name" value="Java Platform API Specification"/><property name="java.class.version" value="52.0"/><property name="sun.management.compiler" value="HotSpot 64-Bit Tiered Compilers"/><property name="os.version" value="3.13.0-92-generic"/><property name="user.home" value="/home/antonin"/><property name="user.timezone" value="Europe/London"/><property name="java.awt.printerjob" value="sun.print.PSPrinterJob"/><property name="file.encoding" value="UTF-8"/><property name="java.specification.version" value="1.8"/><property name="java.class.path" value="/usr/share/sbt-launcher-packaging/bin/sbt-launch.jar"/><property name="user.name" value="antonin"/><property name="jline.shutdownhook" value="false"/><property name="java.vm.specification.version" value="1.8"/><property name="sun.java.command" value="/usr/share/sbt-launcher-packaging/bin/sbt-launch.jar ~test-quick"/><property name="java.home" value="/usr/lib/jvm/java-8-openjdk-amd64/jre"/><property name="sun.arch.data.model" value="64"/><property name="user.language" value="fr"/><property name="java.specification.vendor" value="Oracle Corporation"/><property name="awt.toolkit" value="sun.awt.X11.XToolkit"/><property name="java.vm.info" value="mixed mode"/><property name="java.version" value="1.8.0_91"/><property name="java.ext.dirs" value="/usr/lib/jvm/java-8-openjdk-amd64/jre/lib/ext:/usr/java/packages/lib/ext"/><property name="sun.boot.class.path" value="/usr/lib/jvm/java-8-openjdk-amd64/jre/lib/resources.jar:/usr/lib/jvm/java-8-openjdk-amd64/jre/lib/rt.jar:/usr/lib/jvm/java-8-openjdk-amd64/jre/lib/sunrsasign.jar:/usr/lib/jvm/java-8-openjdk-amd64/jre/lib/jsse.jar:/usr/lib/jvm/java-8-openjdk-amd64/jre/lib/jce.jar:/usr/lib/jvm/java-8-openjdk-amd64/jre/lib/charsets.jar:/usr/lib/jvm/java-8-openjdk-amd64/jre/lib/jfr.jar:/usr/lib/jvm/java-8-openjdk-amd64/jre/classes"/><property name="java.vendor" value="Oracle Corporation"/><property name="file.separator" value="/"/><property name="java.vendor.url.bug" value="http://bugreport.sun.com/bugreport/"/><property name="sun.io.unicode.encoding" value="UnicodeLittle"/><property name="sun.cpu.endian" value="little"/><property name="sun.desktop" value="gnome"/><property name="sun.cpu.isalist" value=""/>
        </properties>
                <testcase classname="ApplicationSpec" name="(It is not a test)" time="-0.001"> <failure message="'Some(scala.concurrent.impl.Promise$DefaultPromise@5578fb9a)' is not None" type="sbt.ForkMain$ForkError">sbt.ForkMain$ForkError: 'Some(scala.concurrent.impl.Promise$DefaultPromise@5578fb9a)' is not None
	at ApplicationSpec$$anonfun$2$$anonfun$apply$2$$anon$1.delayedEndpoint$ApplicationSpec$$anonfun$2$$anonfun$apply$2$$anon$1$1(ApplicationSpec.scala:19)
	at ApplicationSpec$$anonfun$2$$anonfun$apply$2$$anon$1$delayedInit$body.apply(ApplicationSpec.scala:18)
	at play.api.test.WithApplication$$anonfun$around$1.apply(Specs.scala:23)
	at play.api.test.WithApplication$$anonfun$around$1.apply(Specs.scala:23)
	at play.api.test.PlayRunners$class.running(Helpers.scala:49)
	at play.api.test.Helpers$.running(Helpers.scala:403)
	at play.api.test.WithApplication.around(Specs.scala:23)
	at play.api.test.WithApplication.delayedInit(Specs.scala:20)
	at ApplicationSpec$$anonfun$2$$anonfun$apply$2$$anon$1.&lt;init&gt;(ApplicationSpec.scala:18)
	at ApplicationSpec$$anonfun$2$$anonfun$apply$2.apply(ApplicationSpec.scala:18)
	at ApplicationSpec$$anonfun$2$$anonfun$apply$2.apply(ApplicationSpec.scala:18)
</failure>
                    </testcase><testcase classname="ApplicationSpec" name="(It is not a test)" time="-0.001"> <failure message="'&lt;!DOCTYPE html&gt;
&lt;html&gt;
&lt;head&gt;
    &lt;meta charset=&quot;UTF-8&quot;&gt;
    &lt;title&gt;Events management&lt;/title&gt;
&lt;/head&gt;

&lt;body&gt;
 &lt;div class=&quot;container&quot;&gt;
  &lt;h1&gt;What do you want to do?&lt;/h1&gt;
  &lt;p&gt;You can either &lt;a href=&quot;/views/addEvent.scala.html&quot;&gt;add&lt;/a&gt; an event or &lt;a href=&quot;/showEvents&quot;&gt;list&lt;/a&gt; events&lt;p&gt;
 &lt;/div&gt;
&lt;/body&gt;
&lt;/html&gt;' doesn't contain 'Your new application is ready.'" type="sbt.ForkMain$ForkError">sbt.ForkMain$ForkError: '&lt;!DOCTYPE html&gt;
&lt;html&gt;
&lt;head&gt;
    &lt;meta charset=&quot;UTF-8&quot;&gt;
    &lt;title&gt;Events management&lt;/title&gt;
&lt;/head&gt;

&lt;body&gt;
 &lt;div class=&quot;container&quot;&gt;
  &lt;h1&gt;What do you want to do?&lt;/h1&gt;
  &lt;p&gt;You can either &lt;a href=&quot;/views/addEvent.scala.html&quot;&gt;add&lt;/a&gt; an event or &lt;a href=&quot;/showEvents&quot;&gt;list&lt;/a&gt; events&lt;p&gt;
 &lt;/div&gt;
&lt;/body&gt;
&lt;/html&gt;' doesn't contain 'Your new application is ready.'
	at ApplicationSpec$$anonfun$2$$anonfun$apply$3$$anon$2.delayedEndpoint$ApplicationSpec$$anonfun$2$$anonfun$apply$3$$anon$2$1(ApplicationSpec.scala:27)
	at ApplicationSpec$$anonfun$2$$anonfun$apply$3$$anon$2$delayedInit$body.apply(ApplicationSpec.scala:22)
	at play.api.test.WithApplication$$anonfun$around$1.apply(Specs.scala:23)
	at play.api.test.WithApplication$$anonfun$around$1.apply(Specs.scala:23)
	at play.api.test.PlayRunners$class.running(Helpers.scala:49)
	at play.api.test.Helpers$.running(Helpers.scala:403)
	at play.api.test.WithApplication.around(Specs.scala:23)
	at play.api.test.WithApplication.delayedInit(Specs.scala:20)
	at ApplicationSpec$$anonfun$2$$anonfun$apply$3$$anon$2.&lt;init&gt;(ApplicationSpec.scala:22)
	at ApplicationSpec$$anonfun$2$$anonfun$apply$3.apply(ApplicationSpec.scala:22)
	at ApplicationSpec$$anonfun$2$$anonfun$apply$3.apply(ApplicationSpec.scala:22)
</failure>
                    </testcase>
                <system-out></system-out>
                <system-err></system-err>
                </testsuite>