<?xml version='1.0' encoding='UTF-8'?>
<testsuite hostname="None" name="IntegrationSpec" tests="1" errors="0" failures="1" time="-0.001">
                <properties>
[...]
</properties>
                <testcase classname="IntegrationSpec" name="(It is not a test)" time="-0.001"> <failure message="'&lt;?xml version=&quot;1.0&quot; encoding=&quot;UTF-8&quot;?&gt;
&lt;html&gt;
  &lt;head&gt;
    &lt;meta charset=&quot;UTF-8&quot;/&gt;
    &lt;title&gt;
      Events management
    &lt;/title&gt;
  &lt;/head&gt;
  &lt;body&gt;
    &lt;div class=&quot;container&quot;&gt;
      &lt;h1&gt;
        What do you want to do?
      &lt;/h1&gt;
      &lt;p&gt;
        You can either 
        &lt;a href=&quot;/views/addEvent.scala.html&quot;&gt;
          add
        &lt;/a&gt;
         an event or 
        &lt;a href=&quot;/showEvents&quot;&gt;
          list
        &lt;/a&gt;
         events
      &lt;/p&gt;
      &lt;p&gt;
      &lt;/p&gt;
    &lt;/div&gt;
  &lt;/body&gt;
&lt;/html&gt;
' doesn't contain 'Your new application is ready.'" type="sbt.ForkMain$ForkError">sbt.ForkMain$ForkError: '&lt;?xml version=&quot;1.0&quot; encoding=&quot;UTF-8&quot;?&gt;
&lt;html&gt;
  &lt;head&gt;
    &lt;meta charset=&quot;UTF-8&quot;/&gt;
    &lt;title&gt;
      Events management
    &lt;/title&gt;
  &lt;/head&gt;
  &lt;body&gt;
    &lt;div class=&quot;container&quot;&gt;
      &lt;h1&gt;
        What do you want to do?
      &lt;/h1&gt;
      &lt;p&gt;
        You can either 
        &lt;a href=&quot;/views/addEvent.scala.html&quot;&gt;
          add
        &lt;/a&gt;
         an event or 
        &lt;a href=&quot;/showEvents&quot;&gt;
          list
        &lt;/a&gt;
         events
      &lt;/p&gt;
      &lt;p&gt;
      &lt;/p&gt;
    &lt;/div&gt;
  &lt;/body&gt;
&lt;/html&gt;
' doesn't contain 'Your new application is ready.'
	at IntegrationSpec$$anonfun$1$$anonfun$apply$1$$anon$1.delayedEndpoint$IntegrationSpec$$anonfun$1$$anonfun$apply$1$$anon$1$1(IntegrationSpec.scala:21)
	at IntegrationSpec$$anonfun$1$$anonfun$apply$1$$anon$1$delayedInit$body.apply(IntegrationSpec.scala:17)
	at play.api.test.WithBrowser$$anonfun$around$3.apply(Specs.scala:65)
	at play.api.test.WithBrowser$$anonfun$around$3.apply(Specs.scala:65)
	at play.api.test.PlayRunners$class.running(Helpers.scala:63)
	at play.api.test.Helpers$.running(Helpers.scala:403)
	at play.api.test.WithBrowser.around(Specs.scala:65)
	at play.api.test.WithBrowser.delayedInit(Specs.scala:48)
	at IntegrationSpec$$anonfun$1$$anonfun$apply$1$$anon$1.&lt;init&gt;(IntegrationSpec.scala:17)
	at IntegrationSpec$$anonfun$1$$anonfun$apply$1.apply(IntegrationSpec.scala:17)
	at IntegrationSpec$$anonfun$1$$anonfun$apply$1.apply(IntegrationSpec.scala:17)
</failure>
                    </testcase>
                <system-out></system-out>
                <system-err></system-err>
                </testsuite>